src/app/build/outputs/logs/manifest-merger-debug-report.txt
-- Merging decision tree log ---
manifest
ADDED from aws-sdk-android-samples-master\AndroidPubSub\AndroidManifest.xml:2:1-34:12
INJECTED from aws-sdk-android-samples-master\AndroidPubSub\AndroidManifest.xml:2:1-34:12
INJECTED from aws-sdk-android-samples-master\AndroidPubSub\AndroidManifest.xml:2:1-34:12
MERGED from [com.amazonaws:aws-android-sdk-iot:2.13.5] AndroidManifest.xml:1:1-3:12
MERGED from [com.amazonaws:aws-android-sdk-mobile-client:2.13.5] AndroidManifest.xml:2:1-9:12
MERGED from [com.android.support:appcompat-v7:28.0.0] AndroidManifest.xml:17:1-22:12
MERGED from [com.android.support:support-fragment:28.0.0] AndroidManifest.xml:17:1-22:12
MERGED from [com.android.support:animated-vector-drawable:28.0.0] AndroidManifest.xml:17:1-22:12
MERGED from [com.android.support:support-core-ui:28.0.0] AndroidManifest.xml:17:1-22:12
MERGED from [com.android.support:support-core-utils:28.0.0] AndroidManifest.xml:17:1-22:12
MERGED from [com.android.support:support-vector-drawable:28.0.0] AndroidManifest.xml:17:1-22:12
MERGED from [com.android.support:loader:28.0.0] AndroidManifest.xml:17:1-22:12
MERGED from [com.android.support:viewpager:28.0.0] AndroidManifest.xml:17:1-22:12
MERGED from [com.android.support:coordinatorlayout:28.0.0] AndroidManifest.xml:17:1-22:12
MERGED from [com.android.support:drawerlayout:28.0.0] AndroidManifest.xml:17:1-22:12
MERGED from [com.android.support:slidingpanelayout:28.0.0] AndroidManifest.xml:17:1-22:12
MERGED from [com.android.support:customview:28.0.0] AndroidManifest.xml:17:1-22:12
MERGED from [com.android.support:swiperefreshlayout:28.0.0] AndroidManifest.xml:17:1-22:12
MERGED from [com.android.support:asynclayoutinflater:28.0.0] AndroidManifest.xml:17:1-22:12
MERGED from [com.android.support:support-compat:28.0.0] AndroidManifest.xml:17:1-24:12
MERGED from [com.android.support.constraint:constraint-layout:1.1.3] AndroidManifest.xml:2:1-11:12
MERGED from [com.amazonaws:aws-android-sdk-auth-core:2.13.5] AndroidManifest.xml:2:1-4:80
MERGED from [org.conscrypt:conscrypt-android:2.0.0] AndroidManifest.xml:2:1-13:12
MERGED from [com.android.support:versionedparcelable:28.0.0] AndroidManifest.xml:17:1-25:12
MERGED from [android.arch.lifecycle:runtime:1.1.1] AndroidManifest.xml:17:1-22:12
MERGED from [com.android.support:cursoradapter:28.0.0] AndroidManifest.xml:17:1-22:12
MERGED from [android.arch.lifecycle:livedata:1.1.1] AndroidManifest.xml:17:1-22:12
MERGED from [android.arch.lifecycle:livedata-core:1.1.1] AndroidManifest.xml:17:1-22:12
MERGED from [android.arch.core:runtime:1.1.1] AndroidManifest.xml:17:1-22:12
MERGED from [com.android.support:documentfile:28.0.0] AndroidManifest.xml:17:1-22:12
MERGED from [com.android.support:localbroadcastmanager:28.0.0] AndroidManifest.xml:17:1-22:12
MERGED from [com.android.support:print:28.0.0] AndroidManifest.xml:17:1-22:12
MERGED from [android.arch.lifecycle:viewmodel:1.1.1] AndroidManifest.xml:17:1-22:12
MERGED from [com.android.support:interpolator:28.0.0] AndroidManifest.xml:17:1-22:12
INJECTED from aws-sdk-android-samples-master\AndroidPubSub\AndroidManifest.xml:2:1-34:12
INJECTED from aws-sdk-android-samples-master\AndroidPubSub\AndroidManifest.xml:2:1-34:12
	package
		ADDED from aws-sdk-android-samples-master\AndroidPubSub\AndroidManifest.xml:3:5-47
	android:versionName
		ADDED from aws-sdk-android-samples-master\AndroidPubSub\AndroidManifest.xml:5:5-30
		INJECTED from aws-sdk-android-samples-master\AndroidPubSub\AndroidManifest.xml
		INJECTED from aws-sdk-android-samples-master\AndroidPubSub\AndroidManifest.xml
	xmlns:android
		ADDED from aws-sdk-android-samples-master\AndroidPubSub\AndroidManifest.xml:2:11-69
	android:versionCode
		ADDED from aws-sdk-android-samples-master\AndroidPubSub\AndroidManifest.xml:4:5-28
		INJECTED from aws-sdk-android-samples-master\AndroidPubSub\AndroidManifest.xml
		INJECTED from aws-sdk-android-samples-master\AndroidPubSub\AndroidManifest.xml
uses-permission#android.permission.INTERNET
ADDED from aws-sdk-android-samples-master\AndroidPubSub\AndroidManifest.xml:7:5-67
MERGED from [com.amazonaws:aws-android-sdk-iot:2.13.5] AndroidManifest.xml:2:5-66
MERGED from [com.amazonaws:aws-android-sdk-iot:2.13.5] AndroidManifest.xml:2:5-66
MERGED from [com.amazonaws:aws-android-sdk-mobile-client:2.13.5] AndroidManifest.xml:6:5-66
MERGED from [com.amazonaws:aws-android-sdk-mobile-client:2.13.5] AndroidManifest.xml:6:5-66
	android:name
		ADDED from aws-sdk-android-samples-master\AndroidPubSub\AndroidManifest.xml:7:22-64
supports-screens
ADDED from aws-sdk-android-samples-master\AndroidPubSub\AndroidManifest.xml:9:5-13:40
	android:largeScreens
		ADDED from aws-sdk-android-samples-master\AndroidPubSub\AndroidManifest.xml:10:9-36
	android:smallScreens
		ADDED from aws-sdk-android-samples-master\AndroidPubSub\AndroidManifest.xml:12:9-36
	android:normalScreens
		ADDED from aws-sdk-android-samples-master\AndroidPubSub\AndroidManifest.xml:11:9-37
	android:xlargeScreens
		ADDED from aws-sdk-android-samples-master\AndroidPubSub\AndroidManifest.xml:13:9-37
application
ADDED from aws-sdk-android-samples-master\AndroidPubSub\AndroidManifest.xml:15:5-32:19
MERGED from [com.android.support:support-compat:28.0.0] AndroidManifest.xml:22:5-94
MERGED from [com.android.support:support-compat:28.0.0] AndroidManifest.xml:22:5-94
MERGED from [com.android.support.constraint:constraint-layout:1.1.3] AndroidManifest.xml:9:5-20
MERGED from [com.android.support.constraint:constraint-layout:1.1.3] AndroidManifest.xml:9:5-20
MERGED from [org.conscrypt:conscrypt-android:2.0.0] AndroidManifest.xml:11:5-20
MERGED from [org.conscrypt:conscrypt-android:2.0.0] AndroidManifest.xml:11:5-20
MERGED from [com.android.support:versionedparcelable:28.0.0] AndroidManifest.xml:22:5-23:19
MERGED from [com.android.support:versionedparcelable:28.0.0] AndroidManifest.xml:22:5-23:19
	android:appComponentFactory
		ADDED from [com.android.support:support-compat:28.0.0] AndroidManifest.xml:22:18-91
	android:label
		ADDED from aws-sdk-android-samples-master\AndroidPubSub\AndroidManifest.xml:18:9-41
	android:icon
		ADDED from aws-sdk-android-samples-master\AndroidPubSub\AndroidManifest.xml:17:9-45
	android:allowBackup
		ADDED from aws-sdk-android-samples-master\AndroidPubSub\AndroidManifest.xml:16:9-35
	android:theme
		ADDED from aws-sdk-android-samples-master\AndroidPubSub\AndroidManifest.xml:19:9-40
	android:name
		ADDED from aws-sdk-android-samples-master\AndroidPubSub\AndroidManifest.xml:20:9-38
activity#com.amazonaws.demo.androidpubsub.MainActivity
ADDED from aws-sdk-android-samples-master\AndroidPubSub\AndroidManifest.xml:22:9-28:20
	android:name
		ADDED from aws-sdk-android-samples-master\AndroidPubSub\AndroidManifest.xml:22:19-47
intent-filter#action:name:android.intent.action.MAIN+category:name:android.intent.category.LAUNCHER
ADDED from aws-sdk-android-samples-master\AndroidPubSub\AndroidManifest.xml:23:13-27:29
action#android.intent.action.MAIN
ADDED from aws-sdk-android-samples-master\AndroidPubSub\AndroidManifest.xml:24:17-69
	android:name
		ADDED from aws-sdk-android-samples-master\AndroidPubSub\AndroidManifest.xml:24:25-66
category#android.intent.category.LAUNCHER
ADDED from aws-sdk-android-samples-master\AndroidPubSub\AndroidManifest.xml:26:17-77
	android:name
		ADDED from aws-sdk-android-samples-master\AndroidPubSub\AndroidManifest.xml:26:27-74
activity#com.amazonaws.demo.androidpubsub.SetActivity
ADDED from aws-sdk-android-samples-master\AndroidPubSub\AndroidManifest.xml:29:9-49
	android:name
		ADDED from aws-sdk-android-samples-master\AndroidPubSub\AndroidManifest.xml:29:19-46
activity#com.amazonaws.demo.androidpubsub.PubSubActivity
ADDED from aws-sdk-android-samples-master\AndroidPubSub\AndroidManifest.xml:30:9-51
	android:name
		ADDED from aws-sdk-android-samples-master\AndroidPubSub\AndroidManifest.xml:30:19-49
uses-sdk
INJECTED from aws-sdk-android-samples-master\AndroidPubSub\AndroidManifest.xml reason: use-sdk injection requested
INJECTED from aws-sdk-android-samples-master\AndroidPubSub\AndroidManifest.xml
INJECTED from aws-sdk-android-samples-master\AndroidPubSub\AndroidManifest.xml
MERGED from [com.amazonaws:aws-android-sdk-mobile-client:2.13.5] AndroidManifest.xml:4:5-73
MERGED from [com.amazonaws:aws-android-sdk-mobile-client:2.13.5] AndroidManifest.xml:4:5-73
MERGED from [com.android.support:appcompat-v7:28.0.0] AndroidManifest.xml:20:5-44
MERGED from [com.android.support:appcompat-v7:28.0.0] AndroidManifest.xml:20:5-44
MERGED from [com.android.support:support-fragment:28.0.0] AndroidManifest.xml:20:5-44
MERGED from [com.android.support:support-fragment:28.0.0] AndroidManifest.xml:20:5-44
MERGED from [com.android.support:animated-vector-drawable:28.0.0] AndroidManifest.xml:20:5-44
MERGED from [com.android.support:animated-vector-drawable:28.0.0] AndroidManifest.xml:20:5-44
MERGED from [com.android.support:support-core-ui:28.0.0] AndroidManifest.xml:20:5-44
MERGED from [com.android.support:support-core-ui:28.0.0] AndroidManifest.xml:20:5-44
MERGED from [com.android.support:support-core-utils:28.0.0] AndroidManifest.xml:20:5-44
MERGED from [com.android.support:support-core-utils:28.0.0] AndroidManifest.xml:20:5-44
MERGED from [com.android.support:support-vector-drawable:28.0.0] AndroidManifest.xml:20:5-44
MERGED from [com.android.support:support-vector-drawable:28.0.0] AndroidManifest.xml:20:5-44
MERGED from [com.android.support:loader:28.0.0] AndroidManifest.xml:20:5-44
MERGED from [com.android.support:loader:28.0.0] AndroidManifest.xml:20:5-44
MERGED from [com.android.support:viewpager:28.0.0] AndroidManifest.xml:20:5-44
MERGED from [com.android.support:viewpager:28.0.0] AndroidManifest.xml:20:5-44
MERGED from [com.android.support:coordinatorlayout:28.0.0] AndroidManifest.xml:20:5-44
MERGED from [com.android.support:coordinatorlayout:28.0.0] AndroidManifest.xml:20:5-44
MERGED from [com.android.support:drawerlayout:28.0.0] AndroidManifest.xml:20:5-44
MERGED from [com.android.support:drawerlayout:28.0.0] AndroidManifest.xml:20:5-44
MERGED from [com.android.support:slidingpanelayout:28.0.0] AndroidManifest.xml:20:5-44
MERGED from [com.android.support:slidingpanelayout:28.0.0] AndroidManifest.xml:20:5-44
MERGED from [com.android.support:customview:28.0.0] AndroidManifest.xml:20:5-44
MERGED from [com.android.support:customview:28.0.0] AndroidManifest.xml:20:5-44
MERGED from [com.android.support:swiperefreshlayout:28.0.0] AndroidManifest.xml:20:5-44
MERGED from [com.android.support:swiperefreshlayout:28.0.0] AndroidManifest.xml:20:5-44
MERGED from [com.android.support:asynclayoutinflater:28.0.0] AndroidManifest.xml:20:5-44
MERGED from [com.android.support:asynclayoutinflater:28.0.0] AndroidManifest.xml:20:5-44
MERGED from [com.android.support:support-compat:28.0.0] AndroidManifest.xml:20:5-44
MERGED from [com.android.support:support-compat:28.0.0] AndroidManifest.xml:20:5-44
MERGED from [com.android.support.constraint:constraint-layout:1.1.3] AndroidManifest.xml:5:5-7:41
MERGED from [com.android.support.constraint:constraint-layout:1.1.3] AndroidManifest.xml:5:5-7:41
MERGED from [com.amazonaws:aws-android-sdk-auth-core:2.13.5] AndroidManifest.xml:4:1-69
MERGED from [com.amazonaws:aws-android-sdk-auth-core:2.13.5] AndroidManifest.xml:4:1-69
MERGED from [org.conscrypt:conscrypt-android:2.0.0] AndroidManifest.xml:7:5-9:41
MERGED from [org.conscrypt:conscrypt-android:2.0.0] AndroidManifest.xml:7:5-9:41
MERGED from [com.android.support:versionedparcelable:28.0.0] AndroidManifest.xml:20:5-44
MERGED from [com.android.support:versionedparcelable:28.0.0] AndroidManifest.xml:20:5-44
MERGED from [android.arch.lifecycle:runtime:1.1.1] AndroidManifest.xml:20:5-44
MERGED from [android.arch.lifecycle:runtime:1.1.1] AndroidManifest.xml:20:5-44
MERGED from [com.android.support:cursoradapter:28.0.0] AndroidManifest.xml:20:5-44
MERGED from [com.android.support:cursoradapter:28.0.0] AndroidManifest.xml:20:5-44
MERGED from [android.arch.lifecycle:livedata:1.1.1] AndroidManifest.xml:20:5-44
MERGED from [android.arch.lifecycle:livedata:1.1.1] AndroidManifest.xml:20:5-44
MERGED from [android.arch.lifecycle:livedata-core:1.1.1] AndroidManifest.xml:20:5-44
MERGED from [android.arch.lifecycle:livedata-core:1.1.1] AndroidManifest.xml:20:5-44
MERGED from [android.arch.core:runtime:1.1.1] AndroidManifest.xml:20:5-44
MERGED from [android.arch.core:runtime:1.1.1] AndroidManifest.xml:20:5-44
MERGED from [com.android.support:documentfile:28.0.0] AndroidManifest.xml:20:5-44
MERGED from [com.android.support:documentfile:28.0.0] AndroidManifest.xml:20:5-44
MERGED from [com.android.support:localbroadcastmanager:28.0.0] AndroidManifest.xml:20:5-44
MERGED from [com.android.support:localbroadcastmanager:28.0.0] AndroidManifest.xml:20:5-44
MERGED from [com.android.support:print:28.0.0] AndroidManifest.xml:20:5-44
MERGED from [com.android.support:print:28.0.0] AndroidManifest.xml:20:5-44
MERGED from [android.arch.lifecycle:viewmodel:1.1.1] AndroidManifest.xml:20:5-44
MERGED from [android.arch.lifecycle:viewmodel:1.1.1] AndroidManifest.xml:20:5-44
MERGED from [com.android.support:interpolator:28.0.0] AndroidManifest.xml:20:5-44
MERGED from [com.android.support:interpolator:28.0.0] AndroidManifest.xml:20:5-44
INJECTED from aws-sdk-android-samples-master\AndroidPubSub\AndroidManifest.xml
INJECTED from aws-sdk-android-samples-master\AndroidPubSub\AndroidManifest.xml
	android:targetSdkVersion
		INJECTED from aws-sdk-android-samples-master\AndroidPubSub\AndroidManifest.xml
		ADDED from aws-sdk-android-samples-master\AndroidPubSub\AndroidManifest.xml
		INJECTED from aws-sdk-android-samples-master\AndroidPubSub\AndroidManifest.xml
	android:minSdkVersion
		INJECTED from aws-sdk-android-samples-master\AndroidPubSub\AndroidManifest.xml
		ADDED from aws-sdk-android-samples-master\AndroidPubSub\AndroidManifest.xml
		INJECTED from aws-sdk-android-samples-master\AndroidPubSub\AndroidManifest.xml
uses-permission#android.permission.WRITE_EXTERNAL_STORAGE
IMPLIED from aws-sdk-android-samples-master\AndroidPubSub\AndroidManifest.xml:2:1-34:12 reason: com.amazonaws.iot has a targetSdkVersion < 4
uses-permission#android.permission.READ_PHONE_STATE
IMPLIED from aws-sdk-android-samples-master\AndroidPubSub\AndroidManifest.xml:2:1-34:12 reason: com.amazonaws.iot has a targetSdkVersion < 4
uses-permission#android.permission.READ_EXTERNAL_STORAGE
IMPLIED from aws-sdk-android-samples-master\AndroidPubSub\AndroidManifest.xml:2:1-34:12 reason: com.amazonaws.iot requested WRITE_EXTERNAL_STORAGE
uses-permission#android.permission.ACCESS_NETWORK_STATE
ADDED from [com.amazonaws:aws-android-sdk-mobile-client:2.13.5] AndroidManifest.xml:7:5-78
	android:name
		ADDED from [com.amazonaws:aws-android-sdk-mobile-client:2.13.5] AndroidManifest.xml:7:22-76